Razão Social: ALEX ITAMAR GOMES
Fantasia :    ANONIMUS.INFO
Cidade   :    APARECIDA DE GOIANIA
UF       :    GO
email    :    alex@anonimus.info
Telefone :    (62)9291-5595
Usuário  :    
Data/Hora:    01/06/2016 19:57:13
Mac      :    5C-C9-D3-5D-69-35
Versão   :    5.0.0.09
Modulo   :    Controle Financeiro
---------------------------------------------
ICODES:
5C-C9-D3-5D-69-35
---------------------------------------------
Acessos: 241
Empresas: 3
Clientes: 133
Fornecedores: 520
C. Pagar: 5613
C. Receber: 859
L. Caixa: 1300
